{
  "/Users/michaelpennell/Backtest/frontend/babel.config.cjs": {
    "path": "/Users/michaelpennell/Backtest/frontend/babel.config.cjs",
    "all": true,
    "statementMap": {
      "0": {
        "start": { "line": 1, "column": 0 },
        "end": { "line": 1, "column": 18 }
      },
      "1": {
        "start": { "line": 2, "column": 0 },
        "end": { "line": 2, "column": 12 }
      },
      "2": {
        "start": { "line": 3, "column": 0 },
        "end": { "line": 3, "column": 60 }
      },
      "3": {
        "start": { "line": 4, "column": 0 },
        "end": { "line": 4, "column": 53 }
      },
      "4": {
        "start": { "line": 5, "column": 0 },
        "end": { "line": 5, "column": 4 }
      },
      "5": {
        "start": { "line": 6, "column": 0 },
        "end": { "line": 6, "column": 2 }
      }
    },
    "s": { "0": 0, "1": 0, "2": 0, "3": 0, "4": 0, "5": 0 },
    "branchMap": {
      "0": {
        "type": "branch",
        "line": 1,
        "loc": {
          "start": { "line": 1, "column": 154 },
          "end": { "line": 6, "column": 2 }
        },
        "locations": [
          {
            "start": { "line": 1, "column": 154 },
            "end": { "line": 6, "column": 2 }
          }
        ]
      }
    },
    "b": { "0": [0] },
    "fnMap": {
      "0": {
        "name": "(empty-report)",
        "decl": {
          "start": { "line": 1, "column": 154 },
          "end": { "line": 6, "column": 2 }
        },
        "loc": {
          "start": { "line": 1, "column": 154 },
          "end": { "line": 6, "column": 2 }
        },
        "line": 1
      }
    },
    "f": { "0": 0 }
  },
  "/Users/michaelpennell/Backtest/frontend/eslint.config.js": {
    "path": "/Users/michaelpennell/Backtest/frontend/eslint.config.js",
    "all": true,
    "statementMap": {
      "0": {
        "start": { "line": 1, "column": 0 },
        "end": { "line": 1, "column": 28 }
      },
      "1": {
        "start": { "line": 2, "column": 0 },
        "end": { "line": 2, "column": 30 }
      },
      "2": {
        "start": { "line": 3, "column": 0 },
        "end": { "line": 3, "column": 51 }
      },
      "3": {
        "start": { "line": 4, "column": 0 },
        "end": { "line": 4, "column": 55 }
      },
      "4": {
        "start": { "line": 5, "column": 0 },
        "end": { "line": 5, "column": 60 }
      },
      "6": {
        "start": { "line": 7, "column": 0 },
        "end": { "line": 7, "column": 29 }
      },
      "7": {
        "start": { "line": 8, "column": 0 },
        "end": { "line": 8, "column": 38 }
      },
      "8": {
        "start": { "line": 9, "column": 0 },
        "end": { "line": 9, "column": 3 }
      },
      "9": {
        "start": { "line": 10, "column": 0 },
        "end": { "line": 10, "column": 29 }
      },
      "10": {
        "start": { "line": 11, "column": 0 },
        "end": { "line": 11, "column": 14 }
      },
      "11": {
        "start": { "line": 12, "column": 0 },
        "end": { "line": 12, "column": 29 }
      },
      "12": {
        "start": { "line": 13, "column": 0 },
        "end": { "line": 13, "column": 47 }
      },
      "13": {
        "start": { "line": 14, "column": 0 },
        "end": { "line": 14, "column": 32 }
      },
      "14": {
        "start": { "line": 15, "column": 0 },
        "end": { "line": 15, "column": 6 }
      },
      "15": {
        "start": { "line": 16, "column": 0 },
        "end": { "line": 16, "column": 22 }
      },
      "16": {
        "start": { "line": 17, "column": 0 },
        "end": { "line": 17, "column": 24 }
      },
      "17": {
        "start": { "line": 18, "column": 0 },
        "end": { "line": 18, "column": 31 }
      },
      "18": {
        "start": { "line": 19, "column": 0 },
        "end": { "line": 19, "column": 22 }
      },
      "19": {
        "start": { "line": 20, "column": 0 },
        "end": { "line": 20, "column": 30 }
      },
      "20": {
        "start": { "line": 21, "column": 0 },
        "end": { "line": 21, "column": 36 }
      },
      "21": {
        "start": { "line": 22, "column": 0 },
        "end": { "line": 22, "column": 29 }
      },
      "22": {
        "start": { "line": 23, "column": 0 },
        "end": { "line": 23, "column": 8 }
      },
      "23": {
        "start": { "line": 24, "column": 0 },
        "end": { "line": 24, "column": 6 }
      },
      "24": {
        "start": { "line": 25, "column": 0 },
        "end": { "line": 25, "column": 12 }
      },
      "25": {
        "start": { "line": 26, "column": 0 },
        "end": { "line": 26, "column": 68 }
      },
      "26": {
        "start": { "line": 27, "column": 0 },
        "end": { "line": 27, "column": 6 }
      },
      "27": {
        "start": { "line": 28, "column": 0 },
        "end": { "line": 28, "column": 4 }
      },
      "28": {
        "start": { "line": 29, "column": 0 },
        "end": { "line": 29, "column": 3 }
      },
      "29": {
        "start": { "line": 30, "column": 0 },
        "end": { "line": 30, "column": 12 }
      },
      "30": {
        "start": { "line": 31, "column": 0 },
        "end": { "line": 31, "column": 27 }
      },
      "31": {
        "start": { "line": 32, "column": 0 },
        "end": { "line": 32, "column": 35 }
      },
      "32": {
        "start": { "line": 33, "column": 0 },
        "end": { "line": 33, "column": 24 }
      },
      "33": {
        "start": { "line": 34, "column": 0 },
        "end": { "line": 34, "column": 6 }
      },
      "34": {
        "start": { "line": 35, "column": 0 },
        "end": { "line": 35, "column": 22 }
      },
      "35": {
        "start": { "line": 36, "column": 0 },
        "end": { "line": 36, "column": 16 }
      },
      "36": {
        "start": { "line": 37, "column": 0 },
        "end": { "line": 37, "column": 27 }
      },
      "37": {
        "start": { "line": 38, "column": 0 },
        "end": { "line": 38, "column": 24 }
      },
      "38": {
        "start": { "line": 39, "column": 0 },
        "end": { "line": 39, "column": 27 }
      },
      "39": {
        "start": { "line": 40, "column": 0 },
        "end": { "line": 40, "column": 31 }
      },
      "40": {
        "start": { "line": 41, "column": 0 },
        "end": { "line": 41, "column": 30 }
      },
      "41": {
        "start": { "line": 42, "column": 0 },
        "end": { "line": 42, "column": 30 }
      },
      "42": {
        "start": { "line": 43, "column": 0 },
        "end": { "line": 43, "column": 29 }
      },
      "43": {
        "start": { "line": 44, "column": 0 },
        "end": { "line": 44, "column": 29 }
      },
      "44": {
        "start": { "line": 45, "column": 0 },
        "end": { "line": 45, "column": 23 }
      },
      "45": {
        "start": { "line": 46, "column": 0 },
        "end": { "line": 46, "column": 27 }
      },
      "46": {
        "start": { "line": 47, "column": 0 },
        "end": { "line": 47, "column": 23 }
      },
      "47": {
        "start": { "line": 48, "column": 0 },
        "end": { "line": 48, "column": 27 }
      },
      "48": {
        "start": { "line": 49, "column": 0 },
        "end": { "line": 49, "column": 8 }
      },
      "49": {
        "start": { "line": 50, "column": 0 },
        "end": { "line": 50, "column": 6 }
      },
      "50": {
        "start": { "line": 51, "column": 0 },
        "end": { "line": 51, "column": 4 }
      },
      "51": {
        "start": { "line": 52, "column": 0 },
        "end": { "line": 52, "column": 3 }
      }
    },
    "s": {
      "0": 0,
      "1": 0,
      "2": 0,
      "3": 0,
      "4": 0,
      "6": 0,
      "7": 0,
      "8": 0,
      "9": 0,
      "10": 0,
      "11": 0,
      "12": 0,
      "13": 0,
      "14": 0,
      "15": 0,
      "16": 0,
      "17": 0,
      "18": 0,
      "19": 0,
      "20": 0,
      "21": 0,
      "22": 0,
      "23": 0,
      "24": 0,
      "25": 0,
      "26": 0,
      "27": 0,
      "28": 0,
      "29": 0,
      "30": 0,
      "31": 0,
      "32": 0,
      "33": 0,
      "34": 0,
      "35": 0,
      "36": 0,
      "37": 0,
      "38": 0,
      "39": 0,
      "40": 0,
      "41": 0,
      "42": 0,
      "43": 0,
      "44": 0,
      "45": 0,
      "46": 0,
      "47": 0,
      "48": 0,
      "49": 0,
      "50": 0,
      "51": 0
    },
    "branchMap": {
      "0": {
        "type": "branch",
        "line": 1,
        "loc": {
          "start": { "line": 1, "column": 1293 },
          "end": { "line": 52, "column": 3 }
        },
        "locations": [
          {
            "start": { "line": 1, "column": 1293 },
            "end": { "line": 52, "column": 3 }
          }
        ]
      }
    },
    "b": { "0": [0] },
    "fnMap": {
      "0": {
        "name": "(empty-report)",
        "decl": {
          "start": { "line": 1, "column": 1293 },
          "end": { "line": 52, "column": 3 }
        },
        "loc": {
          "start": { "line": 1, "column": 1293 },
          "end": { "line": 52, "column": 3 }
        },
        "line": 1
      }
    },
    "f": { "0": 0 }
  },
  "/Users/michaelpennell/Backtest/frontend/jest.config.cjs": {
    "path": "/Users/michaelpennell/Backtest/frontend/jest.config.cjs",
    "all": true,
    "statementMap": {
      "0": {
        "start": { "line": 1, "column": 0 },
        "end": { "line": 1, "column": 18 }
      },
      "1": {
        "start": { "line": 2, "column": 0 },
        "end": { "line": 2, "column": 27 }
      },
      "2": {
        "start": { "line": 3, "column": 0 },
        "end": { "line": 3, "column": 21 }
      },
      "3": {
        "start": { "line": 4, "column": 0 },
        "end": { "line": 4, "column": 53 }
      },
      "4": {
        "start": { "line": 5, "column": 0 },
        "end": { "line": 5, "column": 4 }
      },
      "5": {
        "start": { "line": 6, "column": 0 },
        "end": { "line": 6, "column": 14 }
      },
      "6": {
        "start": { "line": 7, "column": 0 },
        "end": { "line": 7, "column": 35 }
      },
      "7": {
        "start": { "line": 8, "column": 0 },
        "end": { "line": 8, "column": 4 }
      },
      "8": {
        "start": { "line": 9, "column": 0 },
        "end": { "line": 9, "column": 54 }
      },
      "9": {
        "start": { "line": 10, "column": 0 },
        "end": { "line": 10, "column": 2 }
      }
    },
    "s": {
      "0": 0,
      "1": 0,
      "2": 0,
      "3": 0,
      "4": 0,
      "5": 0,
      "6": 0,
      "7": 0,
      "8": 0,
      "9": 0
    },
    "branchMap": {
      "0": {
        "type": "branch",
        "line": 1,
        "loc": {
          "start": { "line": 1, "column": 241 },
          "end": { "line": 10, "column": 2 }
        },
        "locations": [
          {
            "start": { "line": 1, "column": 241 },
            "end": { "line": 10, "column": 2 }
          }
        ]
      }
    },
    "b": { "0": [0] },
    "fnMap": {
      "0": {
        "name": "(empty-report)",
        "decl": {
          "start": { "line": 1, "column": 241 },
          "end": { "line": 10, "column": 2 }
        },
        "loc": {
          "start": { "line": 1, "column": 241 },
          "end": { "line": 10, "column": 2 }
        },
        "line": 1
      }
    },
    "f": { "0": 0 }
  },
  "/Users/michaelpennell/Backtest/frontend/vite.config.js": {
    "path": "/Users/michaelpennell/Backtest/frontend/vite.config.js",
    "all": true,
    "statementMap": {
      "0": {
        "start": { "line": 1, "column": 0 },
        "end": { "line": 1, "column": 36 }
      },
      "1": {
        "start": { "line": 2, "column": 0 },
        "end": { "line": 2, "column": 41 }
      },
      "3": {
        "start": { "line": 4, "column": 0 },
        "end": { "line": 4, "column": 27 }
      },
      "4": {
        "start": { "line": 5, "column": 0 },
        "end": { "line": 5, "column": 29 }
      },
      "5": {
        "start": { "line": 6, "column": 0 },
        "end": { "line": 6, "column": 21 }
      },
      "6": {
        "start": { "line": 7, "column": 0 },
        "end": { "line": 7, "column": 10 }
      },
      "7": {
        "start": { "line": 8, "column": 0 },
        "end": { "line": 8, "column": 27 }
      },
      "8": {
        "start": { "line": 9, "column": 0 },
        "end": { "line": 9, "column": 20 }
      },
      "9": {
        "start": { "line": 10, "column": 0 },
        "end": { "line": 10, "column": 15 }
      },
      "10": {
        "start": { "line": 11, "column": 0 },
        "end": { "line": 11, "column": 23 }
      },
      "11": {
        "start": { "line": 12, "column": 0 },
        "end": { "line": 12, "column": 49 }
      },
      "12": {
        "start": { "line": 13, "column": 0 },
        "end": { "line": 13, "column": 46 }
      },
      "13": {
        "start": { "line": 14, "column": 0 },
        "end": { "line": 14, "column": 9 }
      },
      "14": {
        "start": { "line": 15, "column": 0 },
        "end": { "line": 15, "column": 7 }
      },
      "15": {
        "start": { "line": 16, "column": 0 },
        "end": { "line": 16, "column": 6 }
      },
      "16": {
        "start": { "line": 17, "column": 0 },
        "end": { "line": 17, "column": 50 }
      },
      "17": {
        "start": { "line": 18, "column": 0 },
        "end": { "line": 18, "column": 20 }
      },
      "18": {
        "start": { "line": 19, "column": 0 },
        "end": { "line": 19, "column": 40 }
      },
      "19": {
        "start": { "line": 20, "column": 0 },
        "end": { "line": 20, "column": 32 }
      },
      "20": {
        "start": { "line": 21, "column": 0 },
        "end": { "line": 21, "column": 4 }
      },
      "21": {
        "start": { "line": 22, "column": 0 },
        "end": { "line": 22, "column": 24 }
      },
      "22": {
        "start": { "line": 23, "column": 0 },
        "end": { "line": 23, "column": 11 }
      },
      "23": {
        "start": { "line": 24, "column": 0 },
        "end": { "line": 24, "column": 15 }
      },
      "24": {
        "start": { "line": 25, "column": 0 },
        "end": { "line": 25, "column": 15 }
      },
      "25": {
        "start": { "line": 26, "column": 0 },
        "end": { "line": 26, "column": 4 }
      },
      "26": {
        "start": { "line": 27, "column": 0 },
        "end": { "line": 27, "column": 9 }
      },
      "27": {
        "start": { "line": 28, "column": 0 },
        "end": { "line": 28, "column": 25 }
      },
      "28": {
        "start": { "line": 29, "column": 0 },
        "end": { "line": 29, "column": 18 }
      },
      "29": {
        "start": { "line": 30, "column": 0 },
        "end": { "line": 30, "column": 40 }
      },
      "30": {
        "start": { "line": 31, "column": 0 },
        "end": { "line": 31, "column": 23 }
      },
      "31": {
        "start": { "line": 32, "column": 0 },
        "end": { "line": 32, "column": 23 }
      },
      "32": {
        "start": { "line": 33, "column": 0 },
        "end": { "line": 33, "column": 26 }
      },
      "33": {
        "start": { "line": 34, "column": 0 },
        "end": { "line": 34, "column": 32 }
      },
      "34": {
        "start": { "line": 35, "column": 0 },
        "end": { "line": 35, "column": 18 }
      },
      "35": {
        "start": { "line": 36, "column": 0 },
        "end": { "line": 36, "column": 18 }
      },
      "36": {
        "start": { "line": 37, "column": 0 },
        "end": { "line": 37, "column": 17 }
      },
      "37": {
        "start": { "line": 38, "column": 0 },
        "end": { "line": 38, "column": 23 }
      },
      "38": {
        "start": { "line": 39, "column": 0 },
        "end": { "line": 39, "column": 21 }
      },
      "39": {
        "start": { "line": 40, "column": 0 },
        "end": { "line": 40, "column": 21 }
      },
      "40": {
        "start": { "line": 41, "column": 0 },
        "end": { "line": 41, "column": 24 }
      },
      "41": {
        "start": { "line": 42, "column": 0 },
        "end": { "line": 42, "column": 15 }
      },
      "42": {
        "start": { "line": 43, "column": 0 },
        "end": { "line": 43, "column": 41 }
      },
      "43": {
        "start": { "line": 44, "column": 0 },
        "end": { "line": 44, "column": 16 }
      },
      "44": {
        "start": { "line": 45, "column": 0 },
        "end": { "line": 45, "column": 24 }
      },
      "45": {
        "start": { "line": 46, "column": 0 },
        "end": { "line": 46, "column": 36 }
      },
      "46": {
        "start": { "line": 47, "column": 0 },
        "end": { "line": 47, "column": 26 }
      },
      "47": {
        "start": { "line": 48, "column": 0 },
        "end": { "line": 48, "column": 20 }
      },
      "48": {
        "start": { "line": 49, "column": 0 },
        "end": { "line": 49, "column": 7 }
      },
      "49": {
        "start": { "line": 50, "column": 0 },
        "end": { "line": 50, "column": 6 }
      },
      "50": {
        "start": { "line": 51, "column": 0 },
        "end": { "line": 51, "column": 4 }
      },
      "51": {
        "start": { "line": 52, "column": 0 },
        "end": { "line": 52, "column": 3 }
      }
    },
    "s": {
      "0": 0,
      "1": 0,
      "3": 0,
      "4": 0,
      "5": 0,
      "6": 0,
      "7": 0,
      "8": 0,
      "9": 0,
      "10": 0,
      "11": 0,
      "12": 0,
      "13": 0,
      "14": 0,
      "15": 0,
      "16": 0,
      "17": 0,
      "18": 0,
      "19": 0,
      "20": 0,
      "21": 0,
      "22": 0,
      "23": 0,
      "24": 0,
      "25": 0,
      "26": 0,
      "27": 0,
      "28": 0,
      "29": 0,
      "30": 0,
      "31": 0,
      "32": 0,
      "33": 0,
      "34": 0,
      "35": 0,
      "36": 0,
      "37": 0,
      "38": 0,
      "39": 0,
      "40": 0,
      "41": 0,
      "42": 0,
      "43": 0,
      "44": 0,
      "45": 0,
      "46": 0,
      "47": 0,
      "48": 0,
      "49": 0,
      "50": 0,
      "51": 0
    },
    "branchMap": {
      "0": {
        "type": "branch",
        "line": 1,
        "loc": {
          "start": { "line": 1, "column": 1168 },
          "end": { "line": 52, "column": 3 }
        },
        "locations": [
          {
            "start": { "line": 1, "column": 1168 },
            "end": { "line": 52, "column": 3 }
          }
        ]
      }
    },
    "b": { "0": [0] },
    "fnMap": {
      "0": {
        "name": "(empty-report)",
        "decl": {
          "start": { "line": 1, "column": 1168 },
          "end": { "line": 52, "column": 3 }
        },
        "loc": {
          "start": { "line": 1, "column": 1168 },
          "end": { "line": 52, "column": 3 }
        },
        "line": 1
      }
    },
    "f": { "0": 0 }
  },
  "/Users/michaelpennell/Backtest/frontend/src/App.jsx": {
    "path": "/Users/michaelpennell/Backtest/frontend/src/App.jsx",
    "all": false,
    "statementMap": {
      "0": {
        "start": { "line": 1, "column": 0 },
        "end": { "line": 1, "column": 40 }
      },
      "1": {
        "start": { "line": 2, "column": 0 },
        "end": { "line": 2, "column": 19 }
      },
      "2": {
        "start": { "line": 3, "column": 0 },
        "end": { "line": 3, "column": 34 }
      },
      "3": {
        "start": { "line": 4, "column": 0 },
        "end": { "line": 4, "column": 44 }
      },
      "4": {
        "start": { "line": 5, "column": 0 },
        "end": { "line": 5, "column": 39 }
      },
      "5": {
        "start": { "line": 6, "column": 0 },
        "end": { "line": 6, "column": 62 }
      },
      "6": {
        "start": { "line": 7, "column": 0 },
        "end": { "line": 7, "column": 54 }
      },
      "7": {
        "start": { "line": 8, "column": 0 },
        "end": { "line": 8, "column": 54 }
      },
      "8": {
        "start": { "line": 9, "column": 0 },
        "end": { "line": 9, "column": 54 }
      },
      "10": {
        "start": { "line": 11, "column": 0 },
        "end": { "line": 11, "column": 35 }
      },
      "12": {
        "start": { "line": 13, "column": 0 },
        "end": { "line": 13, "column": 16 }
      },
      "13": {
        "start": { "line": 14, "column": 0 },
        "end": { "line": 14, "column": 43 }
      },
      "14": {
        "start": { "line": 15, "column": 0 },
        "end": { "line": 15, "column": 51 }
      },
      "15": {
        "start": { "line": 16, "column": 0 },
        "end": { "line": 16, "column": 43 }
      },
      "16": {
        "start": { "line": 17, "column": 0 },
        "end": { "line": 17, "column": 56 }
      },
      "17": {
        "start": { "line": 18, "column": 0 },
        "end": { "line": 18, "column": 55 }
      },
      "18": {
        "start": { "line": 19, "column": 0 },
        "end": { "line": 19, "column": 46 }
      },
      "20": {
        "start": { "line": 21, "column": 0 },
        "end": { "line": 21, "column": 63 }
      },
      "22": {
        "start": { "line": 23, "column": 0 },
        "end": { "line": 23, "column": 25 }
      },
      "23": {
        "start": { "line": 24, "column": 0 },
        "end": { "line": 24, "column": 63 }
      },
      "24": {
        "start": { "line": 25, "column": 0 },
        "end": { "line": 25, "column": 14 }
      },
      "27": {
        "start": { "line": 28, "column": 0 },
        "end": { "line": 28, "column": 55 }
      },
      "28": {
        "start": { "line": 29, "column": 0 },
        "end": { "line": 29, "column": 59 }
      },
      "31": {
        "start": { "line": 32, "column": 0 },
        "end": { "line": 32, "column": 32 }
      },
      "32": {
        "start": { "line": 33, "column": 0 },
        "end": { "line": 33, "column": 59 }
      },
      "33": {
        "start": { "line": 34, "column": 0 },
        "end": { "line": 34, "column": 27 }
      },
      "34": {
        "start": { "line": 35, "column": 0 },
        "end": { "line": 35, "column": 24 }
      },
      "35": {
        "start": { "line": 36, "column": 0 },
        "end": { "line": 36, "column": 67 }
      },
      "36": {
        "start": { "line": 37, "column": 0 },
        "end": { "line": 37, "column": 46 }
      },
      "37": {
        "start": { "line": 38, "column": 0 },
        "end": { "line": 38, "column": 28 }
      },
      "38": {
        "start": { "line": 39, "column": 0 },
        "end": { "line": 39, "column": 68 }
      },
      "39": {
        "start": { "line": 40, "column": 0 },
        "end": { "line": 40, "column": 14 }
      },
      "40": {
        "start": { "line": 41, "column": 0 },
        "end": { "line": 41, "column": 4 }
      },
      "42": {
        "start": { "line": 43, "column": 0 },
        "end": { "line": 43, "column": 10 }
      },
      "43": {
        "start": { "line": 44, "column": 0 },
        "end": { "line": 44, "column": 18 }
      },
      "44": {
        "start": { "line": 45, "column": 0 },
        "end": { "line": 45, "column": 16 }
      },
      "45": {
        "start": { "line": 46, "column": 0 },
        "end": { "line": 46, "column": 68 }
      },
      "47": {
        "start": { "line": 48, "column": 0 },
        "end": { "line": 48, "column": 14 }
      },
      "50": {
        "start": { "line": 51, "column": 0 },
        "end": { "line": 51, "column": 52 }
      },
      "51": {
        "start": { "line": 52, "column": 0 },
        "end": { "line": 52, "column": 40 }
      },
      "52": {
        "start": { "line": 53, "column": 0 },
        "end": { "line": 53, "column": 17 }
      },
      "53": {
        "start": { "line": 54, "column": 0 },
        "end": { "line": 54, "column": 74 }
      },
      "54": {
        "start": { "line": 55, "column": 0 },
        "end": { "line": 55, "column": 41 }
      },
      "56": {
        "start": { "line": 57, "column": 0 },
        "end": { "line": 57, "column": 66 }
      },
      "57": {
        "start": { "line": 58, "column": 0 },
        "end": { "line": 58, "column": 19 }
      },
      "58": {
        "start": { "line": 59, "column": 0 },
        "end": { "line": 59, "column": 14 }
      },
      "59": {
        "start": { "line": 60, "column": 0 },
        "end": { "line": 60, "column": 43 }
      },
      "61": {
        "start": { "line": 62, "column": 0 },
        "end": { "line": 62, "column": 42 }
      },
      "62": {
        "start": { "line": 63, "column": 0 },
        "end": { "line": 63, "column": 14 }
      },
      "63": {
        "start": { "line": 64, "column": 0 },
        "end": { "line": 64, "column": 33 }
      },
      "64": {
        "start": { "line": 65, "column": 0 },
        "end": { "line": 65, "column": 36 }
      },
      "65": {
        "start": { "line": 66, "column": 0 },
        "end": { "line": 66, "column": 24 }
      },
      "66": {
        "start": { "line": 67, "column": 0 },
        "end": { "line": 67, "column": 60 }
      },
      "68": {
        "start": { "line": 69, "column": 0 },
        "end": { "line": 69, "column": 26 }
      },
      "69": {
        "start": { "line": 70, "column": 0 },
        "end": { "line": 70, "column": 16 }
      },
      "70": {
        "start": { "line": 71, "column": 0 },
        "end": { "line": 71, "column": 14 }
      },
      "71": {
        "start": { "line": 72, "column": 0 },
        "end": { "line": 72, "column": 30 }
      },
      "72": {
        "start": { "line": 73, "column": 0 },
        "end": { "line": 73, "column": 38 }
      },
      "73": {
        "start": { "line": 74, "column": 0 },
        "end": { "line": 74, "column": 25 }
      },
      "74": {
        "start": { "line": 75, "column": 0 },
        "end": { "line": 75, "column": 62 }
      },
      "76": {
        "start": { "line": 77, "column": 0 },
        "end": { "line": 77, "column": 28 }
      },
      "77": {
        "start": { "line": 78, "column": 0 },
        "end": { "line": 78, "column": 16 }
      },
      "78": {
        "start": { "line": 79, "column": 0 },
        "end": { "line": 79, "column": 14 }
      },
      "79": {
        "start": { "line": 80, "column": 0 },
        "end": { "line": 80, "column": 17 }
      },
      "80": {
        "start": { "line": 81, "column": 0 },
        "end": { "line": 81, "column": 31 }
      },
      "81": {
        "start": { "line": 82, "column": 0 },
        "end": { "line": 82, "column": 39 }
      },
      "82": {
        "start": { "line": 83, "column": 0 },
        "end": { "line": 83, "column": 41 }
      },
      "83": {
        "start": { "line": 84, "column": 0 },
        "end": { "line": 84, "column": 43 }
      },
      "84": {
        "start": { "line": 85, "column": 0 },
        "end": { "line": 85, "column": 41 }
      },
      "85": {
        "start": { "line": 86, "column": 0 },
        "end": { "line": 86, "column": 25 }
      },
      "86": {
        "start": { "line": 87, "column": 0 },
        "end": { "line": 87, "column": 37 }
      },
      "87": {
        "start": { "line": 88, "column": 0 },
        "end": { "line": 88, "column": 41 }
      },
      "88": {
        "start": { "line": 89, "column": 0 },
        "end": { "line": 89, "column": 10 }
      },
      "89": {
        "start": { "line": 90, "column": 0 },
        "end": { "line": 90, "column": 58 }
      },
      "90": {
        "start": { "line": 91, "column": 0 },
        "end": { "line": 91, "column": 25 }
      },
      "91": {
        "start": { "line": 92, "column": 0 },
        "end": { "line": 92, "column": 46 }
      },
      "92": {
        "start": { "line": 93, "column": 0 },
        "end": { "line": 93, "column": 29 }
      },
      "93": {
        "start": { "line": 94, "column": 0 },
        "end": { "line": 94, "column": 33 }
      },
      "94": {
        "start": { "line": 95, "column": 0 },
        "end": { "line": 95, "column": 12 }
      },
      "95": {
        "start": { "line": 96, "column": 0 },
        "end": { "line": 96, "column": 40 }
      },
      "96": {
        "start": { "line": 97, "column": 0 },
        "end": { "line": 97, "column": 56 }
      },
      "97": {
        "start": { "line": 98, "column": 0 },
        "end": { "line": 98, "column": 53 }
      },
      "98": {
        "start": { "line": 99, "column": 0 },
        "end": { "line": 99, "column": 54 }
      },
      "99": {
        "start": { "line": 100, "column": 0 },
        "end": { "line": 100, "column": 16 }
      },
      "100": {
        "start": { "line": 101, "column": 0 },
        "end": { "line": 101, "column": 48 }
      },
      "101": {
        "start": { "line": 102, "column": 0 },
        "end": { "line": 102, "column": 19 }
      },
      "102": {
        "start": { "line": 103, "column": 0 },
        "end": { "line": 103, "column": 12 }
      },
      "103": {
        "start": { "line": 104, "column": 0 },
        "end": { "line": 104, "column": 28 }
      },
      "104": {
        "start": { "line": 105, "column": 0 },
        "end": { "line": 105, "column": 23 }
      },
      "105": {
        "start": { "line": 106, "column": 0 },
        "end": { "line": 106, "column": 44 }
      },
      "106": {
        "start": { "line": 107, "column": 0 },
        "end": { "line": 107, "column": 18 }
      },
      "107": {
        "start": { "line": 108, "column": 0 },
        "end": { "line": 108, "column": 50 }
      },
      "108": {
        "start": { "line": 109, "column": 0 },
        "end": { "line": 109, "column": 33 }
      },
      "109": {
        "start": { "line": 110, "column": 0 },
        "end": { "line": 110, "column": 12 }
      },
      "111": {
        "start": { "line": 112, "column": 0 },
        "end": { "line": 112, "column": 55 }
      },
      "112": {
        "start": { "line": 113, "column": 0 },
        "end": { "line": 113, "column": 59 }
      },
      "113": {
        "start": { "line": 114, "column": 0 },
        "end": { "line": 114, "column": 63 }
      },
      "114": {
        "start": { "line": 115, "column": 0 },
        "end": { "line": 115, "column": 57 }
      },
      "116": {
        "start": { "line": 117, "column": 0 },
        "end": { "line": 117, "column": 44 }
      },
      "117": {
        "start": { "line": 118, "column": 0 },
        "end": { "line": 118, "column": 120 }
      },
      "118": {
        "start": { "line": 119, "column": 0 },
        "end": { "line": 119, "column": 26 }
      },
      "119": {
        "start": { "line": 120, "column": 0 },
        "end": { "line": 120, "column": 16 }
      },
      "120": {
        "start": { "line": 121, "column": 0 },
        "end": { "line": 121, "column": 17 }
      },
      "121": {
        "start": { "line": 122, "column": 0 },
        "end": { "line": 122, "column": 14 }
      },
      "122": {
        "start": { "line": 123, "column": 0 },
        "end": { "line": 123, "column": 25 }
      },
      "123": {
        "start": { "line": 124, "column": 0 },
        "end": { "line": 124, "column": 14 }
      },
      "124": {
        "start": { "line": 125, "column": 0 },
        "end": { "line": 125, "column": 20 }
      },
      "125": {
        "start": { "line": 126, "column": 0 },
        "end": { "line": 126, "column": 32 }
      },
      "126": {
        "start": { "line": 127, "column": 0 },
        "end": { "line": 127, "column": 30 }
      },
      "127": {
        "start": { "line": 128, "column": 0 },
        "end": { "line": 128, "column": 39 }
      },
      "128": {
        "start": { "line": 129, "column": 0 },
        "end": { "line": 129, "column": 34 }
      },
      "129": {
        "start": { "line": 130, "column": 0 },
        "end": { "line": 130, "column": 14 }
      },
      "131": {
        "start": { "line": 132, "column": 0 },
        "end": { "line": 132, "column": 40 }
      },
      "132": {
        "start": { "line": 133, "column": 0 },
        "end": { "line": 133, "column": 16 }
      },
      "133": {
        "start": { "line": 134, "column": 0 },
        "end": { "line": 134, "column": 63 }
      },
      "134": {
        "start": { "line": 135, "column": 0 },
        "end": { "line": 135, "column": 45 }
      },
      "135": {
        "start": { "line": 136, "column": 0 },
        "end": { "line": 136, "column": 55 }
      },
      "136": {
        "start": { "line": 137, "column": 0 },
        "end": { "line": 137, "column": 47 }
      },
      "137": {
        "start": { "line": 138, "column": 0 },
        "end": { "line": 138, "column": 51 }
      },
      "138": {
        "start": { "line": 139, "column": 0 },
        "end": { "line": 139, "column": 17 }
      },
      "139": {
        "start": { "line": 140, "column": 0 },
        "end": { "line": 140, "column": 16 }
      },
      "141": {
        "start": { "line": 142, "column": 0 },
        "end": { "line": 142, "column": 13 }
      },
      "142": {
        "start": { "line": 143, "column": 0 },
        "end": { "line": 143, "column": 20 }
      },
      "144": {
        "start": { "line": 145, "column": 0 },
        "end": { "line": 145, "column": 1 }
      },
      "146": {
        "start": { "line": 147, "column": 0 },
        "end": { "line": 147, "column": 19 }
      }
    },
    "s": {
      "0": 1,
      "1": 1,
      "2": 1,
      "3": 1,
      "4": 1,
      "5": 1,
      "6": 1,
      "7": 1,
      "8": 1,
      "10": 1,
      "12": 108,
      "13": 108,
      "14": 108,
      "15": 108,
      "16": 108,
      "17": 108,
      "18": 108,
      "20": 108,
      "22": 108,
      "23": 66,
      "24": 108,
      "27": 108,
      "28": 108,
      "31": 108,
      "32": 26,
      "33": 26,
      "34": 26,
      "35": 26,
      "36": 26,
      "37": 0,
      "38": 0,
      "39": 26,
      "40": 26,
      "42": 108,
      "43": 108,
      "44": 108,
      "45": 108,
      "47": 108,
      "50": 108,
      "51": 108,
      "52": 108,
      "53": 108,
      "54": 108,
      "56": 108,
      "57": 108,
      "58": 108,
      "59": 108,
      "61": 108,
      "62": 108,
      "63": 108,
      "64": 108,
      "65": 108,
      "66": 108,
      "68": 108,
      "69": 108,
      "70": 108,
      "71": 108,
      "72": 108,
      "73": 108,
      "74": 108,
      "76": 108,
      "77": 108,
      "78": 108,
      "79": 108,
      "80": 108,
      "81": 108,
      "82": 108,
      "83": 108,
      "84": 108,
      "85": 108,
      "86": 108,
      "87": 108,
      "88": 108,
      "89": 108,
      "90": 108,
      "91": 108,
      "92": 108,
      "93": 108,
      "94": 108,
      "95": 108,
      "96": 108,
      "97": 108,
      "98": 108,
      "99": 108,
      "100": 108,
      "101": 108,
      "102": 108,
      "103": 108,
      "104": 108,
      "105": 108,
      "106": 108,
      "107": 108,
      "108": 108,
      "109": 108,
      "111": 108,
      "112": 108,
      "113": 108,
      "114": 0,
      "116": 108,
      "117": 108,
      "118": 108,
      "119": 108,
      "120": 108,
      "121": 108,
      "122": 108,
      "123": 51,
      "124": 51,
      "125": 51,
      "126": 51,
      "127": 51,
      "128": 51,
      "129": 51,
      "131": 51,
      "132": 51,
      "133": 51,
      "134": 51,
      "135": 51,
      "136": 51,
      "137": 51,
      "138": 51,
      "139": 51,
      "141": 108,
      "142": 108,
      "144": 108,
      "146": 1
    },
    "branchMap": {
      "0": {
        "type": "branch",
        "line": 6,
        "loc": {
          "start": { "line": 6, "column": 28 },
          "end": { "line": 6, "column": 62 }
        },
        "locations": [
          {
            "start": { "line": 6, "column": 28 },
            "end": { "line": 6, "column": 62 }
          }
        ]
      },
      "1": {
        "type": "branch",
        "line": 7,
        "loc": {
          "start": { "line": 7, "column": 24 },
          "end": { "line": 7, "column": 54 }
        },
        "locations": [
          {
            "start": { "line": 7, "column": 24 },
            "end": { "line": 7, "column": 54 }
          }
        ]
      },
      "2": {
        "type": "branch",
        "line": 8,
        "loc": {
          "start": { "line": 8, "column": 24 },
          "end": { "line": 8, "column": 54 }
        },
        "locations": [
          {
            "start": { "line": 8, "column": 24 },
            "end": { "line": 8, "column": 54 }
          }
        ]
      },
      "3": {
        "type": "branch",
        "line": 9,
        "loc": {
          "start": { "line": 9, "column": 24 },
          "end": { "line": 9, "column": 54 }
        },
        "locations": [
          {
            "start": { "line": 9, "column": 24 },
            "end": { "line": 9, "column": 54 }
          }
        ]
      },
      "4": {
        "type": "branch",
        "line": 13,
        "loc": {
          "start": { "line": 13, "column": 0 },
          "end": { "line": 145, "column": 1 }
        },
        "locations": [
          {
            "start": { "line": 13, "column": 0 },
            "end": { "line": 145, "column": 1 }
          }
        ]
      },
      "5": {
        "type": "branch",
        "line": 21,
        "loc": {
          "start": { "line": 21, "column": 18 },
          "end": { "line": 21, "column": 38 }
        },
        "locations": [
          {
            "start": { "line": 21, "column": 18 },
            "end": { "line": 21, "column": 38 }
          }
        ]
      },
      "6": {
        "type": "branch",
        "line": 21,
        "loc": {
          "start": { "line": 21, "column": 34 },
          "end": { "line": 21, "column": 63 }
        },
        "locations": [
          {
            "start": { "line": 21, "column": 34 },
            "end": { "line": 21, "column": 63 }
          }
        ]
      },
      "7": {
        "type": "branch",
        "line": 57,
        "loc": {
          "start": { "line": 57, "column": 23 },
          "end": { "line": 57, "column": 50 }
        },
        "locations": [
          {
            "start": { "line": 57, "column": 23 },
            "end": { "line": 57, "column": 50 }
          }
        ]
      },
      "8": {
        "type": "branch",
        "line": 57,
        "loc": {
          "start": { "line": 57, "column": 33 },
          "end": { "line": 57, "column": 66 }
        },
        "locations": [
          {
            "start": { "line": 57, "column": 33 },
            "end": { "line": 57, "column": 66 }
          }
        ]
      },
      "9": {
        "type": "branch",
        "line": 92,
        "loc": {
          "start": { "line": 92, "column": 20 },
          "end": { "line": 92, "column": 43 }
        },
        "locations": [
          {
            "start": { "line": 92, "column": 20 },
            "end": { "line": 92, "column": 43 }
          }
        ]
      },
      "10": {
        "type": "branch",
        "line": 108,
        "loc": {
          "start": { "line": 108, "column": 19 },
          "end": { "line": 108, "column": 42 }
        },
        "locations": [
          {
            "start": { "line": 108, "column": 19 },
            "end": { "line": 108, "column": 42 }
          }
        ]
      },
      "11": {
        "type": "branch",
        "line": 108,
        "loc": {
          "start": { "line": 108, "column": 34 },
          "end": { "line": 108, "column": 50 }
        },
        "locations": [
          {
            "start": { "line": 108, "column": 34 },
            "end": { "line": 108, "column": 50 }
          }
        ]
      },
      "12": {
        "type": "branch",
        "line": 112,
        "loc": {
          "start": { "line": 112, "column": 11 },
          "end": { "line": 112, "column": 55 }
        },
        "locations": [
          {
            "start": { "line": 112, "column": 11 },
            "end": { "line": 112, "column": 55 }
          }
        ]
      },
      "13": {
        "type": "branch",
        "line": 113,
        "loc": {
          "start": { "line": 113, "column": 11 },
          "end": { "line": 113, "column": 59 }
        },
        "locations": [
          {
            "start": { "line": 113, "column": 11 },
            "end": { "line": 113, "column": 59 }
          }
        ]
      },
      "14": {
        "type": "branch",
        "line": 114,
        "loc": {
          "start": { "line": 114, "column": 12 },
          "end": { "line": 114, "column": 47 }
        },
        "locations": [
          {
            "start": { "line": 114, "column": 12 },
            "end": { "line": 114, "column": 47 }
          }
        ]
      },
      "15": {
        "type": "branch",
        "line": 114,
        "loc": {
          "start": { "line": 114, "column": 29 },
          "end": { "line": 114, "column": 63 }
        },
        "locations": [
          {
            "start": { "line": 114, "column": 29 },
            "end": { "line": 114, "column": 63 }
          }
        ]
      },
      "16": {
        "type": "branch",
        "line": 114,
        "loc": {
          "start": { "line": 114, "column": 47 },
          "end": { "line": 115, "column": 57 }
        },
        "locations": [
          {
            "start": { "line": 114, "column": 47 },
            "end": { "line": 115, "column": 57 }
          }
        ]
      },
      "17": {
        "type": "branch",
        "line": 123,
        "loc": {
          "start": { "line": 123, "column": 9 },
          "end": { "line": 140, "column": 16 }
        },
        "locations": [
          {
            "start": { "line": 123, "column": 9 },
            "end": { "line": 140, "column": 16 }
          }
        ]
      },
      "18": {
        "type": "branch",
        "line": 23,
        "loc": {
          "start": { "line": 23, "column": 18 },
          "end": { "line": 25, "column": 5 }
        },
        "locations": [
          {
            "start": { "line": 23, "column": 18 },
            "end": { "line": 25, "column": 5 }
          }
        ]
      },
      "19": {
        "type": "branch",
        "line": 32,
        "loc": {
          "start": { "line": 32, "column": 22 },
          "end": { "line": 41, "column": 4 }
        },
        "locations": [
          {
            "start": { "line": 32, "column": 22 },
            "end": { "line": 41, "column": 4 }
          }
        ]
      },
      "20": {
        "type": "branch",
        "line": 36,
        "loc": {
          "start": { "line": 36, "column": 31 },
          "end": { "line": 36, "column": 67 }
        },
        "locations": [
          {
            "start": { "line": 36, "column": 31 },
            "end": { "line": 36, "column": 67 }
          }
        ]
      },
      "21": {
        "type": "branch",
        "line": 54,
        "loc": {
          "start": { "line": 54, "column": 21 },
          "end": { "line": 54, "column": 74 }
        },
        "locations": [
          {
            "start": { "line": 54, "column": 21 },
            "end": { "line": 54, "column": 74 }
          }
        ]
      },
      "22": {
        "type": "branch",
        "line": 54,
        "loc": {
          "start": { "line": 54, "column": 46 },
          "end": { "line": 54, "column": 65 }
        },
        "locations": [
          {
            "start": { "line": 54, "column": 46 },
            "end": { "line": 54, "column": 65 }
          }
        ]
      },
      "23": {
        "type": "branch",
        "line": 54,
        "loc": {
          "start": { "line": 54, "column": 56 },
          "end": { "line": 54, "column": 72 }
        },
        "locations": [
          {
            "start": { "line": 54, "column": 56 },
            "end": { "line": 54, "column": 72 }
          }
        ]
      }
    },
    "b": {
      "0": [2],
      "1": [2],
      "2": [2],
      "3": [2],
      "4": [108],
      "5": [5],
      "6": [103],
      "7": [78],
      "8": [30],
      "9": [0],
      "10": [4],
      "11": [104],
      "12": [4],
      "13": [51],
      "14": [104],
      "15": [56],
      "16": [0],
      "17": [51],
      "18": [66],
      "19": [26],
      "20": [14],
      "21": [28],
      "22": [17],
      "23": [11]
    },
    "fnMap": {
      "0": {
        "name": "App",
        "decl": {
          "start": { "line": 13, "column": 0 },
          "end": { "line": 145, "column": 1 }
        },
        "loc": {
          "start": { "line": 13, "column": 0 },
          "end": { "line": 145, "column": 1 }
        },
        "line": 13
      },
      "1": {
        "name": "showSuccess",
        "decl": {
          "start": { "line": 32, "column": 22 },
          "end": { "line": 41, "column": 4 }
        },
        "loc": {
          "start": { "line": 32, "column": 22 },
          "end": { "line": 41, "column": 4 }
        },
        "line": 32
      },
      "2": {
        "name": "onClick",
        "decl": {
          "start": { "line": 54, "column": 21 },
          "end": { "line": 54, "column": 74 }
        },
        "loc": {
          "start": { "line": 54, "column": 21 },
          "end": { "line": 54, "column": 74 }
        },
        "line": 54
      }
    },
    "f": { "0": 108, "1": 26, "2": 28 }
  },
  "/Users/michaelpennell/Backtest/frontend/src/ChartDashboard.jsx": {
    "path": "/Users/michaelpennell/Backtest/frontend/src/ChartDashboard.jsx",
    "all": false,
    "statementMap": {
      "0": {
        "start": { "line": 1, "column": 0 },
        "end": { "line": 1, "column": 51 }
      },
      "1": {
        "start": { "line": 2, "column": 0 },
        "end": { "line": 2, "column": 35 }
      },
      "2": {
        "start": { "line": 3, "column": 0 },
        "end": { "line": 3, "column": 39 }
      },
      "3": {
        "start": { "line": 4, "column": 0 },
        "end": { "line": 4, "column": 43 }
      },
      "5": {
        "start": { "line": 6, "column": 0 },
        "end": { "line": 6, "column": 21 }
      },
      "6": {
        "start": { "line": 7, "column": 0 },
        "end": { "line": 7, "column": 39 }
      },
      "7": {
        "start": { "line": 8, "column": 0 },
        "end": { "line": 8, "column": 40 }
      },
      "8": {
        "start": { "line": 9, "column": 0 },
        "end": { "line": 9, "column": 42 }
      },
      "9": {
        "start": { "line": 10, "column": 0 },
        "end": { "line": 10, "column": 35 }
      },
      "10": {
        "start": { "line": 11, "column": 0 },
        "end": { "line": 11, "column": 2 }
      },
      "12": {
        "start": { "line": 13, "column": 0 },
        "end": { "line": 13, "column": 57 }
      },
      "13": {
        "start": { "line": 14, "column": 0 },
        "end": { "line": 14, "column": 53 }
      },
      "14": {
        "start": { "line": 15, "column": 0 },
        "end": { "line": 15, "column": 49 }
      },
      "15": {
        "start": { "line": 16, "column": 0 },
        "end": { "line": 16, "column": 41 }
      },
      "16": {
        "start": { "line": 17, "column": 0 },
        "end": { "line": 17, "column": 48 }
      },
      "18": {
        "start": { "line": 19, "column": 0 },
        "end": { "line": 19, "column": 19 }
      },
      "19": {
        "start": { "line": 20, "column": 0 },
        "end": { "line": 20, "column": 33 }
      },
      "20": {
        "start": { "line": 21, "column": 0 },
        "end": { "line": 21, "column": 23 }
      },
      "21": {
        "start": { "line": 22, "column": 0 },
        "end": { "line": 22, "column": 19 }
      },
      "22": {
        "start": { "line": 23, "column": 0 },
        "end": { "line": 23, "column": 20 }
      },
      "23": {
        "start": { "line": 24, "column": 0 },
        "end": { "line": 24, "column": 64 }
      },
      "24": {
        "start": { "line": 25, "column": 0 },
        "end": { "line": 25, "column": 26 }
      },
      "25": {
        "start": { "line": 26, "column": 0 },
        "end": { "line": 26, "column": 15 }
      },
      "26": {
        "start": { "line": 27, "column": 0 },
        "end": { "line": 27, "column": 7 }
      },
      "27": {
        "start": { "line": 28, "column": 0 },
        "end": { "line": 28, "column": 65 }
      },
      "28": {
        "start": { "line": 29, "column": 0 },
        "end": { "line": 29, "column": 52 }
      },
      "29": {
        "start": { "line": 30, "column": 0 },
        "end": { "line": 30, "column": 48 }
      },
      "30": {
        "start": { "line": 31, "column": 0 },
        "end": { "line": 31, "column": 26 }
      },
      "31": {
        "start": { "line": 32, "column": 0 },
        "end": { "line": 32, "column": 15 }
      },
      "32": {
        "start": { "line": 33, "column": 0 },
        "end": { "line": 33, "column": 7 }
      },
      "33": {
        "start": { "line": 34, "column": 0 },
        "end": { "line": 34, "column": 11 }
      },
      "34": {
        "start": { "line": 35, "column": 0 },
        "end": { "line": 35, "column": 65 }
      },
      "35": {
        "start": { "line": 36, "column": 0 },
        "end": { "line": 36, "column": 25 }
      },
      "36": {
        "start": { "line": 37, "column": 0 },
        "end": { "line": 37, "column": 58 }
      },
      "37": {
        "start": { "line": 38, "column": 0 },
        "end": { "line": 38, "column": 32 }
      },
      "38": {
        "start": { "line": 39, "column": 0 },
        "end": { "line": 39, "column": 19 }
      },
      "39": {
        "start": { "line": 40, "column": 0 },
        "end": { "line": 40, "column": 22 }
      },
      "40": {
        "start": { "line": 41, "column": 0 },
        "end": { "line": 41, "column": 28 }
      },
      "41": {
        "start": { "line": 42, "column": 0 },
        "end": { "line": 42, "column": 30 }
      },
      "42": {
        "start": { "line": 43, "column": 0 },
        "end": { "line": 43, "column": 13 }
      },
      "43": {
        "start": { "line": 44, "column": 0 },
        "end": { "line": 44, "column": 11 }
      },
      "44": {
        "start": { "line": 45, "column": 0 },
        "end": { "line": 45, "column": 22 }
      },
      "45": {
        "start": { "line": 46, "column": 0 },
        "end": { "line": 46, "column": 40 }
      },
      "46": {
        "start": { "line": 47, "column": 0 },
        "end": { "line": 47, "column": 57 }
      },
      "47": {
        "start": { "line": 48, "column": 0 },
        "end": { "line": 48, "column": 28 }
      },
      "48": {
        "start": { "line": 49, "column": 0 },
        "end": { "line": 49, "column": 17 }
      },
      "49": {
        "start": { "line": 50, "column": 0 },
        "end": { "line": 50, "column": 9 }
      },
      "50": {
        "start": { "line": 51, "column": 0 },
        "end": { "line": 51, "column": 38 }
      },
      "51": {
        "start": { "line": 52, "column": 0 },
        "end": { "line": 52, "column": 56 }
      },
      "52": {
        "start": { "line": 53, "column": 0 },
        "end": { "line": 53, "column": 66 }
      },
      "53": {
        "start": { "line": 54, "column": 0 },
        "end": { "line": 54, "column": 27 }
      },
      "54": {
        "start": { "line": 55, "column": 0 },
        "end": { "line": 55, "column": 28 }
      },
      "55": {
        "start": { "line": 56, "column": 0 },
        "end": { "line": 56, "column": 17 }
      },
      "56": {
        "start": { "line": 57, "column": 0 },
        "end": { "line": 57, "column": 9 }
      },
      "57": {
        "start": { "line": 58, "column": 0 },
        "end": { "line": 58, "column": 33 }
      },
      "58": {
        "start": { "line": 59, "column": 0 },
        "end": { "line": 59, "column": 21 }
      },
      "59": {
        "start": { "line": 60, "column": 0 },
        "end": { "line": 60, "column": 21 }
      },
      "60": {
        "start": { "line": 61, "column": 0 },
        "end": { "line": 61, "column": 65 }
      },
      "61": {
        "start": { "line": 62, "column": 0 },
        "end": { "line": 62, "column": 25 }
      },
      "62": {
        "start": { "line": 63, "column": 0 },
        "end": { "line": 63, "column": 7 }
      },
      "63": {
        "start": { "line": 64, "column": 0 },
        "end": { "line": 64, "column": 24 }
      },
      "64": {
        "start": { "line": 65, "column": 0 },
        "end": { "line": 65, "column": 5 }
      },
      "65": {
        "start": { "line": 66, "column": 0 },
        "end": { "line": 66, "column": 17 }
      },
      "66": {
        "start": { "line": 67, "column": 0 },
        "end": { "line": 67, "column": 26 }
      },
      "68": {
        "start": { "line": 69, "column": 0 },
        "end": { "line": 69, "column": 16 }
      },
      "69": {
        "start": { "line": 70, "column": 0 },
        "end": { "line": 70, "column": 45 }
      },
      "70": {
        "start": { "line": 71, "column": 0 },
        "end": { "line": 71, "column": 15 }
      },
      "71": {
        "start": { "line": 72, "column": 0 },
        "end": { "line": 72, "column": 7 }
      },
      "72": {
        "start": { "line": 73, "column": 0 },
        "end": { "line": 73, "column": 23 }
      },
      "73": {
        "start": { "line": 74, "column": 0 },
        "end": { "line": 74, "column": 48 }
      },
      "74": {
        "start": { "line": 75, "column": 0 },
        "end": { "line": 75, "column": 28 }
      },
      "75": {
        "start": { "line": 76, "column": 0 },
        "end": { "line": 76, "column": 20 }
      },
      "76": {
        "start": { "line": 77, "column": 0 },
        "end": { "line": 77, "column": 8 }
      },
      "77": {
        "start": { "line": 78, "column": 0 },
        "end": { "line": 78, "column": 6 }
      },
      "78": {
        "start": { "line": 79, "column": 0 },
        "end": { "line": 79, "column": 4 }
      },
      "80": {
        "start": { "line": 81, "column": 0 },
        "end": { "line": 81, "column": 10 }
      },
      "81": {
        "start": { "line": 82, "column": 0 },
        "end": { "line": 82, "column": 9 }
      },
      "82": {
        "start": { "line": 83, "column": 0 },
        "end": { "line": 83, "column": 51 }
      },
      "83": {
        "start": { "line": 84, "column": 0 },
        "end": { "line": 84, "column": 17 }
      },
      "84": {
        "start": { "line": 85, "column": 0 },
        "end": { "line": 85, "column": 73 }
      },
      "85": {
        "start": { "line": 86, "column": 0 },
        "end": { "line": 86, "column": 17 }
      },
      "86": {
        "start": { "line": 87, "column": 0 },
        "end": { "line": 87, "column": 14 }
      },
      "88": {
        "start": { "line": 89, "column": 0 },
        "end": { "line": 89, "column": 13 }
      },
      "90": {
        "start": { "line": 91, "column": 0 },
        "end": { "line": 91, "column": 75 }
      },
      "91": {
        "start": { "line": 92, "column": 0 },
        "end": { "line": 92, "column": 31 }
      },
      "92": {
        "start": { "line": 93, "column": 0 },
        "end": { "line": 93, "column": 38 }
      },
      "93": {
        "start": { "line": 94, "column": 0 },
        "end": { "line": 94, "column": 17 }
      },
      "94": {
        "start": { "line": 95, "column": 0 },
        "end": { "line": 95, "column": 21 }
      },
      "95": {
        "start": { "line": 96, "column": 0 },
        "end": { "line": 96, "column": 13 }
      },
      "96": {
        "start": { "line": 97, "column": 0 },
        "end": { "line": 97, "column": 17 }
      },
      "97": {
        "start": { "line": 98, "column": 0 },
        "end": { "line": 98, "column": 14 }
      },
      "98": {
        "start": { "line": 99, "column": 0 },
        "end": { "line": 99, "column": 13 }
      },
      "100": {
        "start": { "line": 101, "column": 0 },
        "end": { "line": 101, "column": 15 }
      },
      "101": {
        "start": { "line": 102, "column": 0 },
        "end": { "line": 102, "column": 27 }
      },
      "102": {
        "start": { "line": 103, "column": 0 },
        "end": { "line": 103, "column": 56 }
      },
      "104": {
        "start": { "line": 105, "column": 0 },
        "end": { "line": 105, "column": 35 }
      },
      "105": {
        "start": { "line": 106, "column": 0 },
        "end": { "line": 106, "column": 50 }
      },
      "106": {
        "start": { "line": 107, "column": 0 },
        "end": { "line": 107, "column": 23 }
      },
      "107": {
        "start": { "line": 108, "column": 0 },
        "end": { "line": 108, "column": 21 }
      },
      "108": {
        "start": { "line": 109, "column": 0 },
        "end": { "line": 109, "column": 13 }
      },
      "109": {
        "start": { "line": 110, "column": 0 },
        "end": { "line": 110, "column": 17 }
      },
      "110": {
        "start": { "line": 111, "column": 0 },
        "end": { "line": 111, "column": 14 }
      },
      "111": {
        "start": { "line": 112, "column": 0 },
        "end": { "line": 112, "column": 30 }
      },
      "112": {
        "start": { "line": 113, "column": 0 },
        "end": { "line": 113, "column": 79 }
      },
      "114": {
        "start": { "line": 115, "column": 0 },
        "end": { "line": 115, "column": 10 }
      },
      "116": {
        "start": { "line": 117, "column": 0 },
        "end": { "line": 117, "column": 1 }
      },
      "118": {
        "start": { "line": 119, "column": 0 },
        "end": { "line": 119, "column": 28 }
      },
      "119": {
        "start": { "line": 120, "column": 0 },
        "end": { "line": 120, "column": 38 }
      },
      "120": {
        "start": { "line": 121, "column": 0 },
        "end": { "line": 121, "column": 39 }
      },
      "121": {
        "start": { "line": 122, "column": 0 },
        "end": { "line": 122, "column": 58 }
      },
      "122": {
        "start": { "line": 123, "column": 0 },
        "end": { "line": 123, "column": 2 }
      },
      "124": {
        "start": { "line": 125, "column": 0 },
        "end": { "line": 125, "column": 42 }
      }
    },
    "s": {
      "0": 1,
      "1": 1,
      "2": 1,
      "3": 1,
      "5": 1,
      "6": 1,
      "7": 1,
      "8": 1,
      "9": 1,
      "10": 1,
      "12": 25,
      "13": 25,
      "14": 25,
      "15": 25,
      "16": 25,
      "18": 25,
      "19": 9,
      "20": 9,
      "21": 9,
      "22": 9,
      "23": 1,
      "24": 1,
      "25": 1,
      "26": 1,
      "27": 8,
      "28": 9,
      "29": 1,
      "30": 1,
      "31": 1,
      "32": 1,
      "33": 7,
      "34": 7,
      "35": 7,
      "36": 7,
      "37": 7,
      "38": 7,
      "39": 7,
      "40": 7,
      "41": 7,
      "42": 7,
      "43": 7,
      "44": 9,
      "45": 1,
      "46": 1,
      "47": 1,
      "48": 1,
      "49": 1,
      "50": 5,
      "51": 9,
      "52": 0,
      "53": 0,
      "54": 0,
      "55": 0,
      "56": 0,
      "57": 4,
      "58": 4,
      "59": 9,
      "60": 2,
      "61": 2,
      "62": 2,
      "63": 6,
      "64": 9,
      "65": 9,
      "66": 25,
      "68": 25,
      "69": 25,
      "70": 25,
      "71": 25,
      "72": 25,
      "73": 25,
      "74": 25,
      "75": 25,
      "76": 25,
      "77": 25,
      "78": 25,
      "80": 25,
      "81": 25,
      "82": 25,
      "83": 25,
      "84": 5,
      "85": 5,
      "86": 5,
      "88": 25,
      "90": 25,
      "91": 25,
      "92": 26,
      "93": 26,
      "94": 26,
      "95": 25,
      "96": 25,
      "97": 25,
      "98": 25,
      "100": 25,
      "101": 25,
      "102": 25,
      "104": 25,
      "105": 100,
      "106": 100,
      "107": 100,
      "108": 25,
      "109": 25,
      "110": 25,
      "111": 25,
      "112": 13,
      "114": 25,
      "116": 25,
      "118": 1,
      "119": 1,
      "120": 1,
      "121": 1,
      "122": 1,
      "124": 1
    },
    "branchMap": {
      "0": {
        "type": "branch",
        "line": 13,
        "loc": {
          "start": { "line": 13, "column": 0 },
          "end": { "line": 117, "column": 1 }
        },
        "locations": [
          {
            "start": { "line": 13, "column": 0 },
            "end": { "line": 117, "column": 1 }
          }
        ]
      },
      "1": {
        "type": "branch",
        "line": 83,
        "loc": {
          "start": { "line": 83, "column": 7 },
          "end": { "line": 83, "column": 51 }
        },
        "locations": [
          {
            "start": { "line": 83, "column": 7 },
            "end": { "line": 83, "column": 51 }
          }
        ]
      },
      "2": {
        "type": "branch",
        "line": 84,
        "loc": {
          "start": { "line": 84, "column": 7 },
          "end": { "line": 87, "column": 14 }
        },
        "locations": [
          {
            "start": { "line": 84, "column": 7 },
            "end": { "line": 87, "column": 14 }
          }
        ]
      },
      "3": {
        "type": "branch",
        "line": 112,
        "loc": {
          "start": { "line": 112, "column": 8 },
          "end": { "line": 112, "column": 30 }
        },
        "locations": [
          {
            "start": { "line": 112, "column": 8 },
            "end": { "line": 112, "column": 30 }
          }
        ]
      },
      "4": {
        "type": "branch",
        "line": 112,
        "loc": {
          "start": { "line": 112, "column": 20 },
          "end": { "line": 113, "column": 79 }
        },
        "locations": [
          {
            "start": { "line": 112, "column": 20 },
            "end": { "line": 113, "column": 79 }
          }
        ]
      },
      "5": {
        "type": "branch",
        "line": 19,
        "loc": {
          "start": { "line": 19, "column": 12 },
          "end": { "line": 67, "column": 5 }
        },
        "locations": [
          {
            "start": { "line": 19, "column": 12 },
            "end": { "line": 67, "column": 5 }
          }
        ]
      },
      "6": {
        "type": "branch",
        "line": 20,
        "loc": {
          "start": { "line": 20, "column": 4 },
          "end": { "line": 65, "column": 5 }
        },
        "locations": [
          {
            "start": { "line": 20, "column": 4 },
            "end": { "line": 65, "column": 5 }
          }
        ]
      },
      "7": {
        "type": "branch",
        "line": 23,
        "loc": {
          "start": { "line": 23, "column": 19 },
          "end": { "line": 27, "column": 7 }
        },
        "locations": [
          {
            "start": { "line": 23, "column": 19 },
            "end": { "line": 27, "column": 7 }
          }
        ]
      },
      "8": {
        "type": "branch",
        "line": 27,
        "loc": {
          "start": { "line": 27, "column": 6 },
          "end": { "line": 29, "column": 51 }
        },
        "locations": [
          {
            "start": { "line": 27, "column": 6 },
            "end": { "line": 29, "column": 51 }
          }
        ]
      },
      "9": {
        "type": "branch",
        "line": 29,
        "loc": {
          "start": { "line": 29, "column": 51 },
          "end": { "line": 33, "column": 7 }
        },
        "locations": [
          {
            "start": { "line": 29, "column": 51 },
            "end": { "line": 33, "column": 7 }
          }
        ]
      },
      "10": {
        "type": "branch",
        "line": 33,
        "loc": {
          "start": { "line": 33, "column": 6 },
          "end": { "line": 44, "column": 11 }
        },
        "locations": [
          {
            "start": { "line": 33, "column": 6 },
            "end": { "line": 44, "column": 11 }
          }
        ]
      },
      "11": {
        "type": "branch",
        "line": 44,
        "loc": {
          "start": { "line": 44, "column": 9 },
          "end": { "line": 45, "column": 21 }
        },
        "locations": [
          {
            "start": { "line": 44, "column": 9 },
            "end": { "line": 45, "column": 21 }
          }
        ]
      },
      "12": {
        "type": "branch",
        "line": 45,
        "loc": {
          "start": { "line": 45, "column": 21 },
          "end": { "line": 50, "column": 9 }
        },
        "locations": [
          {
            "start": { "line": 45, "column": 21 },
            "end": { "line": 50, "column": 9 }
          }
        ]
      },
      "13": {
        "type": "branch",
        "line": 50,
        "loc": {
          "start": { "line": 50, "column": 8 },
          "end": { "line": 51, "column": 38 }
        },
        "locations": [
          {
            "start": { "line": 50, "column": 8 },
            "end": { "line": 51, "column": 38 }
          }
        ]
      },
      "14": {
        "type": "branch",
        "line": 51,
        "loc": {
          "start": { "line": 51, "column": 36 },
          "end": { "line": 52, "column": 55 }
        },
        "locations": [
          {
            "start": { "line": 51, "column": 36 },
            "end": { "line": 52, "column": 55 }
          }
        ]
      },
      "15": {
        "type": "branch",
        "line": 52,
        "loc": {
          "start": { "line": 52, "column": 55 },
          "end": { "line": 57, "column": 9 }
        },
        "locations": [
          {
            "start": { "line": 52, "column": 55 },
            "end": { "line": 57, "column": 9 }
          }
        ]
      },
      "16": {
        "type": "branch",
        "line": 57,
        "loc": {
          "start": { "line": 57, "column": 8 },
          "end": { "line": 60, "column": 15 }
        },
        "locations": [
          {
            "start": { "line": 57, "column": 8 },
            "end": { "line": 60, "column": 15 }
          }
        ]
      },
      "17": {
        "type": "branch",
        "line": 60,
        "loc": {
          "start": { "line": 60, "column": 6 },
          "end": { "line": 63, "column": 7 }
        },
        "locations": [
          {
            "start": { "line": 60, "column": 6 },
            "end": { "line": 63, "column": 7 }
          }
        ]
      },
      "18": {
        "type": "branch",
        "line": 61,
        "loc": {
          "start": { "line": 61, "column": 47 },
          "end": { "line": 61, "column": 61 }
        },
        "locations": [
          {
            "start": { "line": 61, "column": 47 },
            "end": { "line": 61, "column": 61 }
          }
        ]
      },
      "19": {
        "type": "branch",
        "line": 63,
        "loc": {
          "start": { "line": 63, "column": 6 },
          "end": { "line": 64, "column": 24 }
        },
        "locations": [
          {
            "start": { "line": 63, "column": 6 },
            "end": { "line": 64, "column": 24 }
          }
        ]
      },
      "20": {
        "type": "branch",
        "line": 70,
        "loc": {
          "start": { "line": 70, "column": 26 },
          "end": { "line": 70, "column": 43 }
        },
        "locations": [
          {
            "start": { "line": 70, "column": 26 },
            "end": { "line": 70, "column": 43 }
          }
        ]
      },
      "21": {
        "type": "branch",
        "line": 74,
        "loc": {
          "start": { "line": 74, "column": 28 },
          "end": { "line": 74, "column": 46 }
        },
        "locations": [
          {
            "start": { "line": 74, "column": 28 },
            "end": { "line": 74, "column": 46 }
          }
        ]
      },
      "22": {
        "type": "branch",
        "line": 92,
        "loc": {
          "start": { "line": 92, "column": 23 },
          "end": { "line": 95, "column": 21 }
        },
        "locations": [
          {
            "start": { "line": 92, "column": 23 },
            "end": { "line": 95, "column": 21 }
          }
        ]
      },
      "23": {
        "type": "branch",
        "line": 103,
        "loc": {
          "start": { "line": 103, "column": 20 },
          "end": { "line": 103, "column": 56 }
        },
        "locations": [
          {
            "start": { "line": 103, "column": 20 },
            "end": { "line": 103, "column": 56 }
          }
        ]
      },
      "24": {
        "type": "branch",
        "line": 105,
        "loc": {
          "start": { "line": 105, "column": 27 },
          "end": { "line": 108, "column": 21 }
        },
        "locations": [
          {
            "start": { "line": 105, "column": 27 },
            "end": { "line": 108, "column": 21 }
          }
        ]
      }
    },
    "b": {
      "0": [25],
      "1": [7],
      "2": [5],
      "3": [18],
      "4": [13],
      "5": [9],
      "6": [9],
      "7": [1],
      "8": [8],
      "9": [1],
      "10": [7],
      "11": [6],
      "12": [1],
      "13": [5],
      "14": [4],
      "15": [0],
      "16": [4],
      "17": [2],
      "18": [0],
      "19": [6],
      "20": [5],
      "21": [5],
      "22": [26],
      "23": [1],
      "24": [100]
    },
    "fnMap": {
      "0": {
        "name": "ChartDashboard",
        "decl": {
          "start": { "line": 13, "column": 0 },
          "end": { "line": 117, "column": 1 }
        },
        "loc": {
          "start": { "line": 13, "column": 0 },
          "end": { "line": 117, "column": 1 }
        },
        "line": 13
      },
      "1": {
        "name": "fetchChart",
        "decl": {
          "start": { "line": 20, "column": 4 },
          "end": { "line": 65, "column": 5 }
        },
        "loc": {
          "start": { "line": 20, "column": 4 },
          "end": { "line": 65, "column": 5 }
        },
        "line": 20
      },
      "2": {
        "name": "onChange",
        "decl": {
          "start": { "line": 91, "column": 41 },
          "end": { "line": 91, "column": 75 }
        },
        "loc": {
          "start": { "line": 91, "column": 41 },
          "end": { "line": 91, "column": 75 }
        },
        "line": 91
      },
      "3": {
        "name": "onChange",
        "decl": {
          "start": { "line": 103, "column": 20 },
          "end": { "line": 103, "column": 56 }
        },
        "loc": {
          "start": { "line": 103, "column": 20 },
          "end": { "line": 103, "column": 56 }
        },
        "line": 103
      }
    },
    "f": { "0": 25, "1": 9, "2": 0, "3": 1 }
  },
  "/Users/michaelpennell/Backtest/frontend/src/ErrorBoundary.jsx": {
    "path": "/Users/michaelpennell/Backtest/frontend/src/ErrorBoundary.jsx",
    "all": false,
    "statementMap": {
      "0": {
        "start": { "line": 1, "column": 0 },
        "end": { "line": 1, "column": 26 }
      },
      "1": {
        "start": { "line": 2, "column": 0 },
        "end": { "line": 2, "column": 35 }
      },
      "3": {
        "start": { "line": 4, "column": 0 },
        "end": { "line": 4, "column": 45 }
      },
      "4": {
        "start": { "line": 5, "column": 0 },
        "end": { "line": 5, "column": 22 }
      },
      "5": {
        "start": { "line": 6, "column": 0 },
        "end": { "line": 6, "column": 17 }
      },
      "6": {
        "start": { "line": 7, "column": 0 },
        "end": { "line": 7, "column": 50 }
      },
      "7": {
        "start": { "line": 8, "column": 0 },
        "end": { "line": 8, "column": 3 }
      },
      "9": {
        "start": { "line": 10, "column": 0 },
        "end": { "line": 10, "column": 42 }
      },
      "10": {
        "start": { "line": 11, "column": 0 },
        "end": { "line": 11, "column": 37 }
      },
      "11": {
        "start": { "line": 12, "column": 0 },
        "end": { "line": 12, "column": 3 }
      },
      "14": {
        "start": { "line": 15, "column": 0 },
        "end": { "line": 15, "column": 39 }
      },
      "17": {
        "start": { "line": 18, "column": 0 },
        "end": { "line": 18, "column": 3 }
      },
      "19": {
        "start": { "line": 20, "column": 0 },
        "end": { "line": 20, "column": 23 }
      },
      "20": {
        "start": { "line": 21, "column": 0 },
        "end": { "line": 21, "column": 52 }
      },
      "21": {
        "start": { "line": 22, "column": 0 },
        "end": { "line": 22, "column": 4 }
      },
      "23": {
        "start": { "line": 24, "column": 0 },
        "end": { "line": 24, "column": 12 }
      },
      "24": {
        "start": { "line": 25, "column": 0 },
        "end": { "line": 25, "column": 30 }
      },
      "25": {
        "start": { "line": 26, "column": 0 },
        "end": { "line": 26, "column": 14 }
      },
      "26": {
        "start": { "line": 27, "column": 0 },
        "end": { "line": 27, "column": 68 }
      },
      "27": {
        "start": { "line": 28, "column": 0 },
        "end": { "line": 28, "column": 40 }
      },
      "28": {
        "start": { "line": 29, "column": 0 },
        "end": { "line": 29, "column": 51 }
      },
      "29": {
        "start": { "line": 30, "column": 0 },
        "end": { "line": 30, "column": 79 }
      },
      "31": {
        "start": { "line": 32, "column": 0 },
        "end": { "line": 32, "column": 19 }
      },
      "32": {
        "start": { "line": 33, "column": 0 },
        "end": { "line": 33, "column": 14 }
      },
      "34": {
        "start": { "line": 35, "column": 0 },
        "end": { "line": 35, "column": 5 }
      },
      "35": {
        "start": { "line": 36, "column": 0 },
        "end": { "line": 36, "column": 31 }
      },
      "36": {
        "start": { "line": 37, "column": 0 },
        "end": { "line": 37, "column": 3 }
      },
      "37": {
        "start": { "line": 38, "column": 0 },
        "end": { "line": 38, "column": 1 }
      },
      "39": {
        "start": { "line": 40, "column": 0 },
        "end": { "line": 40, "column": 27 }
      },
      "40": {
        "start": { "line": 41, "column": 0 },
        "end": { "line": 41, "column": 38 }
      },
      "41": {
        "start": { "line": 42, "column": 0 },
        "end": { "line": 42, "column": 2 }
      },
      "43": {
        "start": { "line": 44, "column": 0 },
        "end": { "line": 44, "column": 29 }
      }
    },
    "s": {
      "0": 1,
      "1": 1,
      "3": 1,
      "4": 1,
      "5": 42,
      "6": 42,
      "7": 42,
      "9": 1,
      "10": 2,
      "11": 2,
      "14": 1,
      "17": 1,
      "19": 1,
      "20": 0,
      "21": 0,
      "23": 1,
      "24": 113,
      "25": 2,
      "26": 2,
      "27": 2,
      "28": 2,
      "29": 2,
      "31": 2,
      "32": 2,
      "34": 2,
      "35": 111,
      "36": 113,
      "37": 1,
      "39": 1,
      "40": 1,
      "41": 1,
      "43": 1
    },
    "branchMap": {
      "0": {
        "type": "branch",
        "line": 5,
        "loc": {
          "start": { "line": 5, "column": 2 },
          "end": { "line": 8, "column": 3 }
        },
        "locations": [
          {
            "start": { "line": 5, "column": 2 },
            "end": { "line": 8, "column": 3 }
          }
        ]
      },
      "1": {
        "type": "branch",
        "line": 10,
        "loc": {
          "start": { "line": 10, "column": 9 },
          "end": { "line": 12, "column": 3 }
        },
        "locations": [
          {
            "start": { "line": 10, "column": 9 },
            "end": { "line": 12, "column": 3 }
          }
        ]
      },
      "2": {
        "type": "branch",
        "line": 15,
        "loc": {
          "start": { "line": 15, "column": 2 },
          "end": { "line": 18, "column": 3 }
        },
        "locations": [
          {
            "start": { "line": 15, "column": 2 },
            "end": { "line": 18, "column": 3 }
          }
        ]
      },
      "3": {
        "type": "branch",
        "line": 20,
        "loc": {
          "start": { "line": 20, "column": 2 },
          "end": { "line": 22, "column": 4 }
        },
        "locations": [
          {
            "start": { "line": 20, "column": 2 },
            "end": { "line": 22, "column": 4 }
          }
        ]
      },
      "4": {
        "type": "branch",
        "line": 24,
        "loc": {
          "start": { "line": 24, "column": 2 },
          "end": { "line": 37, "column": 3 }
        },
        "locations": [
          {
            "start": { "line": 24, "column": 2 },
            "end": { "line": 37, "column": 3 }
          }
        ]
      },
      "5": {
        "type": "branch",
        "line": 25,
        "loc": {
          "start": { "line": 25, "column": 29 },
          "end": { "line": 35, "column": 5 }
        },
        "locations": [
          {
            "start": { "line": 25, "column": 29 },
            "end": { "line": 35, "column": 5 }
          }
        ]
      },
      "6": {
        "type": "branch",
        "line": 35,
        "loc": {
          "start": { "line": 35, "column": 4 },
          "end": { "line": 36, "column": 31 }
        },
        "locations": [
          {
            "start": { "line": 35, "column": 4 },
            "end": { "line": 36, "column": 31 }
          }
        ]
      }
    },
    "b": {
      "0": [42],
      "1": [2],
      "2": [1],
      "3": [41],
      "4": [113],
      "5": [2],
      "6": [111]
    },
    "fnMap": {
      "0": {
        "name": "ErrorBoundary",
        "decl": {
          "start": { "line": 5, "column": 2 },
          "end": { "line": 8, "column": 3 }
        },
        "loc": {
          "start": { "line": 5, "column": 2 },
          "end": { "line": 8, "column": 3 }
        },
        "line": 5
      },
      "1": {
        "name": "getDerivedStateFromError",
        "decl": {
          "start": { "line": 10, "column": 9 },
          "end": { "line": 12, "column": 3 }
        },
        "loc": {
          "start": { "line": 10, "column": 9 },
          "end": { "line": 12, "column": 3 }
        },
        "line": 10
      },
      "2": {
        "name": "componentDidCatch",
        "decl": {
          "start": { "line": 15, "column": 2 },
          "end": { "line": 18, "column": 3 }
        },
        "loc": {
          "start": { "line": 15, "column": 2 },
          "end": { "line": 18, "column": 3 }
        },
        "line": 15
      },
      "3": {
        "name": "<instance_members_initializer>",
        "decl": {
          "start": { "line": 20, "column": 2 },
          "end": { "line": 22, "column": 4 }
        },
        "loc": {
          "start": { "line": 20, "column": 2 },
          "end": { "line": 22, "column": 4 }
        },
        "line": 20
      },
      "4": {
        "name": "handleReset",
        "decl": {
          "start": { "line": 20, "column": 16 },
          "end": { "line": 22, "column": 4 }
        },
        "loc": {
          "start": { "line": 20, "column": 16 },
          "end": { "line": 22, "column": 4 }
        },
        "line": 20
      },
      "5": {
        "name": "render",
        "decl": {
          "start": { "line": 24, "column": 2 },
          "end": { "line": 37, "column": 3 }
        },
        "loc": {
          "start": { "line": 24, "column": 2 },
          "end": { "line": 37, "column": 3 }
        },
        "line": 24
      }
    },
    "f": { "0": 42, "1": 2, "2": 1, "3": 41, "4": 0, "5": 113 }
  },
  "/Users/michaelpennell/Backtest/frontend/src/GridForm.jsx": {
    "path": "/Users/michaelpennell/Backtest/frontend/src/GridForm.jsx",
    "all": false,
    "statementMap": {
      "0": {
        "start": { "line": 1, "column": 0 },
        "end": { "line": 1, "column": 48 }
      },
      "1": {
        "start": { "line": 2, "column": 0 },
        "end": { "line": 2, "column": 43 }
      },
      "3": {
        "start": { "line": 4, "column": 0 },
        "end": { "line": 4, "column": 19 }
      },
      "4": {
        "start": { "line": 5, "column": 0 },
        "end": { "line": 5, "column": 12 }
      },
      "5": {
        "start": { "line": 6, "column": 0 },
        "end": { "line": 6, "column": 16 }
      },
      "6": {
        "start": { "line": 7, "column": 0 },
        "end": { "line": 7, "column": 17 }
      },
      "7": {
        "start": { "line": 8, "column": 0 },
        "end": { "line": 8, "column": 9 }
      },
      "8": {
[...]
      },
      "1": {
        "start": { "line": 2, "column": 0 },
        "end": { "line": 2, "column": 35 }
      },
      "3": {
        "start": { "line": 4, "column": 0 },
        "end": { "line": 4, "column": 39 }
      },
      "4": {
        "start": { "line": 5, "column": 0 },
        "end": { "line": 5, "column": 47 }
      },
      "5": {
        "start": { "line": 6, "column": 0 },
        "end": { "line": 6, "column": 44 }
      },
      "7": {
        "start": { "line": 8, "column": 0 },
        "end": { "line": 8, "column": 71 }
      },
      "9": {
        "start": { "line": 10, "column": 0 },
        "end": { "line": 10, "column": 30 }
      },
      "10": {
        "start": { "line": 11, "column": 0 },
        "end": { "line": 11, "column": 40 }
      },
      "11": {
        "start": { "line": 12, "column": 0 },
        "end": { "line": 12, "column": 3 }
      },
      "13": {
        "start": { "line": 14, "column": 0 },
        "end": { "line": 14, "column": 26 }
      },
      "14": {
        "start": { "line": 15, "column": 0 },
        "end": { "line": 15, "column": 30 }
      },
      "15": {
        "start": { "line": 16, "column": 0 },
        "end": { "line": 16, "column": 23 }
      },
      "16": {
        "start": { "line": 17, "column": 0 },
        "end": { "line": 17, "column": 44 }
      },
      "17": {
        "start": { "line": 18, "column": 0 },
        "end": { "line": 18, "column": 44 }
      },
      "18": {
        "start": { "line": 19, "column": 0 },
        "end": { "line": 19, "column": 43 }
      },
      "19": {
        "start": { "line": 20, "column": 0 },
        "end": { "line": 20, "column": 42 }
      },
      "20": {
        "start": { "line": 21, "column": 0 },
        "end": { "line": 21, "column": 42 }
      },
      "21": {
        "start": { "line": 22, "column": 0 },
        "end": { "line": 22, "column": 9 }
      },
      "22": {
        "start": { "line": 23, "column": 0 },
        "end": { "line": 23, "column": 6 }
      },
      "23": {
        "start": { "line": 24, "column": 0 },
        "end": { "line": 24, "column": 38 }
      },
      "24": {
        "start": { "line": 25, "column": 0 },
        "end": { "line": 25, "column": 4 }
      },
      "26": {
        "start": { "line": 27, "column": 0 },
        "end": { "line": 27, "column": 47 }
      },
      "27": {
        "start": { "line": 28, "column": 0 },
        "end": { "line": 28, "column": 28 }
      },
      "28": {
        "start": { "line": 29, "column": 0 },
        "end": { "line": 29, "column": 65 }
      },
      "29": {
        "start": { "line": 30, "column": 0 },
        "end": { "line": 30, "column": 12 }
      },
      "30": {
        "start": { "line": 31, "column": 0 },
        "end": { "line": 31, "column": 69 }
      },
      "31": {
        "start": { "line": 32, "column": 0 },
        "end": { "line": 32, "column": 5 }
      },
      "32": {
        "start": { "line": 33, "column": 0 },
        "end": { "line": 33, "column": 5 }
      },
      "34": {
        "start": { "line": 35, "column": 0 },
        "end": { "line": 35, "column": 10 }
      },
      "35": {
        "start": { "line": 36, "column": 0 },
        "end": { "line": 36, "column": 9 }
      },
      "36": {
        "start": { "line": 37, "column": 0 },
        "end": { "line": 37, "column": 65 }
      },
      "37": {
        "start": { "line": 38, "column": 0 },
        "end": { "line": 38, "column": 11 }
      },
      "38": {
        "start": { "line": 39, "column": 0 },
        "end": { "line": 39, "column": 55 }
      },
      "39": {
        "start": { "line": 40, "column": 0 },
        "end": { "line": 40, "column": 15 }
      },
      "40": {
        "start": { "line": 41, "column": 0 },
        "end": { "line": 41, "column": 27 }
      },
      "41": {
        "start": { "line": 42, "column": 0 },
        "end": { "line": 42, "column": 24 }
      },
      "42": {
        "start": { "line": 43, "column": 0 },
        "end": { "line": 43, "column": 53 }
      },
      "44": {
        "start": { "line": 45, "column": 0 },
        "end": { "line": 45, "column": 44 }
      },
      "45": {
        "start": { "line": 46, "column": 0 },
        "end": { "line": 46, "column": 46 }
      },
      "46": {
        "start": { "line": 47, "column": 0 },
        "end": { "line": 47, "column": 17 }
      },
      "47": {
        "start": { "line": 48, "column": 0 },
        "end": { "line": 48, "column": 75 }
      },
      "48": {
        "start": { "line": 49, "column": 0 },
        "end": { "line": 49, "column": 44 }
      },
      "49": {
        "start": { "line": 50, "column": 0 },
        "end": { "line": 50, "column": 17 }
      },
      "50": {
        "start": { "line": 51, "column": 0 },
        "end": { "line": 51, "column": 12 }
      },
      "51": {
        "start": { "line": 52, "column": 0 },
        "end": { "line": 52, "column": 13 }
      },
      "52": {
        "start": { "line": 53, "column": 0 },
        "end": { "line": 53, "column": 15 }
      },
      "53": {
        "start": { "line": 54, "column": 0 },
        "end": { "line": 54, "column": 14 }
      },
      "54": {
        "start": { "line": 55, "column": 0 },
        "end": { "line": 55, "column": 27 }
      },
      "55": {
        "start": { "line": 56, "column": 0 },
        "end": { "line": 56, "column": 27 }
      },
      "56": {
        "start": { "line": 57, "column": 0 },
        "end": { "line": 57, "column": 26 }
      },
      "57": {
        "start": { "line": 58, "column": 0 },
        "end": { "line": 58, "column": 25 }
      },
      "58": {
        "start": { "line": 59, "column": 0 },
        "end": { "line": 59, "column": 15 }
      },
      "59": {
        "start": { "line": 60, "column": 0 },
        "end": { "line": 60, "column": 16 }
      },
      "60": {
        "start": { "line": 61, "column": 0 },
        "end": { "line": 61, "column": 15 }
      },
      "61": {
        "start": { "line": 62, "column": 0 },
        "end": { "line": 62, "column": 33 }
      },
      "62": {
        "start": { "line": 63, "column": 0 },
        "end": { "line": 63, "column": 24 }
      },
      "63": {
        "start": { "line": 64, "column": 0 },
        "end": { "line": 64, "column": 33 }
      },
      "64": {
        "start": { "line": 65, "column": 0 },
        "end": { "line": 65, "column": 33 }
      },
      "65": {
        "start": { "line": 66, "column": 0 },
        "end": { "line": 66, "column": 43 }
      },
      "66": {
        "start": { "line": 67, "column": 0 },
        "end": { "line": 67, "column": 31 }
      },
      "67": {
        "start": { "line": 68, "column": 0 },
        "end": { "line": 68, "column": 17 }
      },
      "68": {
        "start": { "line": 69, "column": 0 },
        "end": { "line": 69, "column": 13 }
      },
      "69": {
        "start": { "line": 70, "column": 0 },
        "end": { "line": 70, "column": 16 }
      },
      "70": {
        "start": { "line": 71, "column": 0 },
        "end": { "line": 71, "column": 14 }
      },
      "71": {
        "start": { "line": 72, "column": 0 },
        "end": { "line": 72, "column": 10 }
      },
      "73": {
        "start": { "line": 74, "column": 0 },
        "end": { "line": 74, "column": 1 }
      },
      "75": {
        "start": { "line": 76, "column": 0 },
        "end": { "line": 76, "column": 38 }
      }
    },
    "s": {
      "0": 1,
      "1": 1,
      "3": 2,
      "4": 2,
      "5": 2,
      "7": 2,
      "9": 2,
      "10": 1,
      "11": 1,
      "13": 1,
      "14": 1,
      "15": 1,
      "16": 1,
      "17": 1,
      "18": 1,
      "19": 1,
      "20": 1,
      "21": 1,
      "22": 1,
      "23": 1,
      "24": 1,
      "26": 1,
      "27": 1,
      "28": 1,
      "29": 1,
      "30": 0,
      "31": 0,
      "32": 1,
      "34": 1,
      "35": 1,
      "36": 2,
      "37": 2,
      "38": 2,
      "39": 2,
      "40": 2,
      "41": 2,
      "42": 2,
      "44": 2,
      "45": 2,
      "46": 2,
      "47": 2,
      "48": 2,
      "49": 2,
      "50": 2,
      "51": 2,
      "52": 2,
      "53": 2,
      "54": 2,
      "55": 2,
      "56": 2,
      "57": 2,
      "58": 2,
      "59": 2,
      "60": 2,
      "61": 2,
      "62": 2,
      "63": 2,
      "64": 2,
      "65": 2,
      "66": 2,
      "67": 2,
      "68": 2,
      "69": 2,
      "70": 2,
      "71": 2,
      "73": 2,
      "75": 1
    },
    "branchMap": {
      "0": {
        "type": "branch",
        "line": 4,
        "loc": {
          "start": { "line": 4, "column": 0 },
          "end": { "line": 74, "column": 1 }
        },
        "locations": [
          {
            "start": { "line": 4, "column": 0 },
            "end": { "line": 74, "column": 1 }
          }
        ]
      },
      "1": {
        "type": "branch",
        "line": 8,
        "loc": {
          "start": { "line": 8, "column": 64 },
          "end": { "line": 8, "column": 71 }
        },
        "locations": [
          {
            "start": { "line": 8, "column": 64 },
            "end": { "line": 8, "column": 71 }
          }
        ]
      },
      "2": {
        "type": "branch",
        "line": 10,
        "loc": {
          "start": { "line": 10, "column": 29 },
          "end": { "line": 37, "column": 46 }
        },
        "locations": [
          {
            "start": { "line": 10, "column": 29 },
            "end": { "line": 37, "column": 46 }
          }
        ]
      },
      "3": {
        "type": "branch",
        "line": 37,
        "loc": {
          "start": { "line": 37, "column": 28 },
          "end": { "line": 37, "column": 60 }
        },
        "locations": [
          {
            "start": { "line": 37, "column": 28 },
            "end": { "line": 37, "column": 60 }
          }
        ]
      },
      "4": {
        "type": "branch",
        "line": 49,
        "loc": {
          "start": { "line": 49, "column": 21 },
          "end": { "line": 49, "column": 37 }
        },
        "locations": [
          {
            "start": { "line": 49, "column": 21 },
            "end": { "line": 49, "column": 37 }
          }
        ]
      },
      "5": {
        "type": "branch",
        "line": 49,
        "loc": {
          "start": { "line": 49, "column": 29 },
          "end": { "line": 49, "column": 44 }
        },
        "locations": [
          {
            "start": { "line": 49, "column": 29 },
            "end": { "line": 49, "column": 44 }
          }
        ]
      },
      "6": {
        "type": "branch",
        "line": 8,
        "loc": {
          "start": { "line": 8, "column": 42 },
          "end": { "line": 8, "column": 64 }
        },
        "locations": [
          {
            "start": { "line": 8, "column": 42 },
            "end": { "line": 8, "column": 64 }
          }
        ]
      },
      "7": {
        "type": "branch",
        "line": 27,
        "loc": {
          "start": { "line": 27, "column": 36 },
          "end": { "line": 33, "column": 3 }
        },
        "locations": [
          {
            "start": { "line": 27, "column": 36 },
            "end": { "line": 33, "column": 3 }
          }
        ]
      },
      "8": {
        "type": "branch",
        "line": 29,
        "loc": {
          "start": { "line": 29, "column": 42 },
          "end": { "line": 29, "column": 65 }
        },
        "locations": [
          {
            "start": { "line": 29, "column": 42 },
            "end": { "line": 29, "column": 65 }
          }
        ]
      },
      "9": {
        "type": "branch",
        "line": 30,
        "loc": {
          "start": { "line": 30, "column": 4 },
          "end": { "line": 32, "column": 5 }
        },
        "locations": [
          {
            "start": { "line": 30, "column": 4 },
            "end": { "line": 32, "column": 5 }
          }
        ]
      },
      "10": {
        "type": "branch",
        "line": 62,
        "loc": {
          "start": { "line": 62, "column": 22 },
          "end": { "line": 68, "column": 17 }
        },
        "locations": [
          {
            "start": { "line": 62, "column": 22 },
            "end": { "line": 68, "column": 17 }
          }
        ]
      }
    },
    "b": {
      "0": [2],
      "1": [0],
      "2": [1],
      "3": [0],
      "4": [1],
      "5": [0],
      "6": [2],
      "7": [1],
      "8": [0],
      "9": [0],
      "10": [2]
    },
    "fnMap": {
      "0": {
        "name": "TradeTable",
        "decl": {
          "start": { "line": 4, "column": 0 },
          "end": { "line": 74, "column": 1 }
        },
        "loc": {
          "start": { "line": 4, "column": 0 },
          "end": { "line": 74, "column": 1 }
        },
        "line": 4
      },
      "1": {
        "name": "onChange",
        "decl": {
          "start": { "line": 43, "column": 20 },
          "end": { "line": 43, "column": 53 }
        },
        "loc": {
          "start": { "line": 43, "column": 20 },
          "end": { "line": 43, "column": 53 }
        },
        "line": 43
      },
      "2": {
        "name": "onClick",
        "decl": {
          "start": { "line": 48, "column": 25 },
          "end": { "line": 48, "column": 75 }
        },
        "loc": {
          "start": { "line": 48, "column": 25 },
          "end": { "line": 48, "column": 75 }
        },
        "line": 48
      }
    },
    "f": { "0": 2, "1": 0, "2": 0 }
  },
  "/Users/michaelpennell/Backtest/frontend/src/apiConfig.js": {
    "path": "/Users/michaelpennell/Backtest/frontend/src/apiConfig.js",
    "all": false,
    "statementMap": {
      "4": {
        "start": { "line": 5, "column": 0 },
        "end": { "line": 5, "column": 27 }
      },
      "5": {
        "start": { "line": 6, "column": 0 },
        "end": { "line": 6, "column": 46 }
      },
      "6": {
        "start": { "line": 7, "column": 0 },
        "end": { "line": 7, "column": 79 }
      },
      "7": {
        "start": { "line": 8, "column": 0 },
        "end": { "line": 8, "column": 8 }
      },
      "8": {
        "start": { "line": 9, "column": 0 },
        "end": { "line": 9, "column": 67 }
      }
    },
    "s": { "4": 1, "5": 1, "6": 1, "7": 1, "8": 0 },
    "branchMap": {
      "0": {
        "type": "branch",
        "line": 7,
        "loc": {
          "start": { "line": 7, "column": 39 },
          "end": { "line": 7, "column": 79 }
        },
        "locations": [
          {
            "start": { "line": 7, "column": 39 },
            "end": { "line": 7, "column": 79 }
          }
        ]
      },
      "1": {
        "type": "branch",
        "line": 8,
        "loc": {
          "start": { "line": 8, "column": 6 },
          "end": { "line": 9, "column": 67 }
        },
        "locations": [
          {
            "start": { "line": 8, "column": 6 },
            "end": { "line": 9, "column": 67 }
          }
        ]
      }
    },
    "b": { "0": [0], "1": [0] },
    "fnMap": {},
    "f": {}
  },
  "/Users/michaelpennell/Backtest/frontend/src/main.jsx": {
    "path": "/Users/michaelpennell/Backtest/frontend/src/main.jsx",
    "all": true,
    "statementMap": {
      "0": {
        "start": { "line": 1, "column": 0 },
        "end": { "line": 1, "column": 35 }
      },
      "1": {
        "start": { "line": 2, "column": 0 },
        "end": { "line": 2, "column": 46 }
      },
      "2": {
        "start": { "line": 3, "column": 0 },
        "end": { "line": 3, "column": 21 }
      },
      "3": {
        "start": { "line": 4, "column": 0 },
        "end": { "line": 4, "column": 28 }
      },
      "5": {
        "start": { "line": 6, "column": 0 },
        "end": { "line": 6, "column": 51 }
      },
      "6": {
        "start": { "line": 7, "column": 0 },
        "end": { "line": 7, "column": 14 }
      },
      "7": {
        "start": { "line": 8, "column": 0 },
        "end": { "line": 8, "column": 11 }
      },
      "8": {
        "start": { "line": 9, "column": 0 },
        "end": { "line": 9, "column": 16 }
      },
      "9": {
        "start": { "line": 10, "column": 0 },
        "end": { "line": 10, "column": 2 }
      }
    },
    "s": {
      "0": 0,
      "1": 0,
      "2": 0,
      "3": 0,
      "5": 0,
      "6": 0,
      "7": 0,
      "8": 0,
      "9": 0
    },
    "branchMap": {
      "0": {
        "type": "branch",
        "line": 1,
        "loc": {
          "start": { "line": 1, "column": 206 },
          "end": { "line": 10, "column": -149 }
        },
        "locations": [
          {
            "start": { "line": 1, "column": 206 },
            "end": { "line": 10, "column": -149 }
          }
        ]
      }
    },
    "b": { "0": [0] },
    "fnMap": {
      "0": {
        "name": "(empty-report)",
        "decl": {
          "start": { "line": 1, "column": 206 },
          "end": { "line": 10, "column": -149 }
        },
        "loc": {
          "start": { "line": 1, "column": 206 },
          "end": { "line": 10, "column": -149 }
        },
        "line": 1
      }
    },
    "f": { "0": 0 }
  },
  "/Users/michaelpennell/Backtest/frontend/src/testUtils/factories.js": {
    "path": "/Users/michaelpennell/Backtest/frontend/src/testUtils/factories.js",
    "all": true,
    "statementMap": {
      "0": {
        "start": { "line": 1, "column": 0 },
        "end": { "line": 1, "column": 25 }
      },
      "1": {
        "start": { "line": 2, "column": 0 },
        "end": { "line": 2, "column": 40 }
      },
      "3": {
        "start": { "line": 4, "column": 0 },
        "end": { "line": 4, "column": 43 }
      },
      "4": {
        "start": { "line": 5, "column": 0 },
        "end": { "line": 5, "column": 10 }
      },
      "5": {
        "start": { "line": 6, "column": 0 },
        "end": { "line": 6, "column": 32 }
      },
      "6": {
        "start": { "line": 7, "column": 0 },
        "end": { "line": 7, "column": 41 }
      },
      "7": {
        "start": { "line": 8, "column": 0 },
        "end": { "line": 8, "column": 57 }
      },
      "8": {
        "start": { "line": 9, "column": 0 },
        "end": { "line": 9, "column": 44 }
      },
      "9": {
        "start": { "line": 10, "column": 0 },
        "end": { "line": 10, "column": 54 }
      },
      "10": {
        "start": { "line": 11, "column": 0 },
        "end": { "line": 11, "column": 49 }
      },
      "11": {
        "start": { "line": 12, "column": 0 },
        "end": { "line": 12, "column": 17 }
      },
      "12": {
        "start": { "line": 13, "column": 0 },
        "end": { "line": 13, "column": 4 }
      },
      "13": {
        "start": { "line": 14, "column": 0 },
        "end": { "line": 14, "column": 1 }
      },
      "15": {
        "start": { "line": 16, "column": 0 },
        "end": { "line": 16, "column": 17 }
      },
      "16": {
        "start": { "line": 17, "column": 0 },
        "end": { "line": 17, "column": 66 }
      }
    },
    "s": {
      "0": 0,
      "1": 0,
      "3": 0,
      "4": 0,
      "5": 0,
      "6": 0,
      "7": 0,
      "8": 0,
      "9": 0,
      "10": 0,
      "11": 0,
      "12": 0,
      "13": 0,
      "15": 0,
      "16": 0
    },
    "branchMap": {
      "0": {
        "type": "branch",
        "line": 1,
        "loc": {
          "start": { "line": 1, "column": 516 },
          "end": { "line": 17, "column": 66 }
        },
        "locations": [
          {
            "start": { "line": 1, "column": 516 },
            "end": { "line": 17, "column": 66 }
          }
        ]
      }
    },
    "b": { "0": [0] },
    "fnMap": {
      "0": {
        "name": "(empty-report)",
        "decl": {
          "start": { "line": 1, "column": 516 },
          "end": { "line": 17, "column": 66 }
        },
        "loc": {
          "start": { "line": 1, "column": 516 },
          "end": { "line": 17, "column": 66 }
        },
        "line": 1
      }
    },
    "f": { "0": 0 }
  }
}
